Using pre-set license
Built from '2021.3/staging' branch; Version is '2021.3.1f1 (3b70a0754835) revision 3895456'; Using compiler version '192829333'; Build Type 'Release'
OS: 'Windows 11  (10.0.22000) 64bit Core' Language: 'de' Physical Memory: 16226 MB
BatchMode: 1, IsHumanControllingUs: 0, StartBugReporterOnCrash: 0, Is64bit: 1, IsPro: 1

COMMAND LINE ARGUMENTS:
C:\Program Files\Unity\Hub\Editor\2021.3.1f1\Editor\Unity.exe
-adb2
-batchMode
-noUpm
-name
AssetImportWorker0
-projectPath
C:/Users/chiar/OneDrive/Desktop/Virtual Design/6. Semester/VR-AR/Versteckspiel
-logFile
Logs/AssetImportWorker0.log
-srvPort
60260
Successfully changed project path to: C:/Users/chiar/OneDrive/Desktop/Virtual Design/6. Semester/VR-AR/Versteckspiel
C:/Users/chiar/OneDrive/Desktop/Virtual Design/6. Semester/VR-AR/Versteckspiel
[UnityMemory] Configuration Parameters - Can be set up in boot.config
    "memorysetup-bucket-allocator-granularity=16"
    "memorysetup-bucket-allocator-bucket-count=8"
    "memorysetup-bucket-allocator-block-size=33554432"
    "memorysetup-bucket-allocator-block-count=8"
    "memorysetup-main-allocator-block-size=16777216"
    "memorysetup-thread-allocator-block-size=16777216"
    "memorysetup-gfx-main-allocator-block-size=16777216"
    "memorysetup-gfx-thread-allocator-block-size=16777216"
    "memorysetup-cache-allocator-block-size=4194304"
    "memorysetup-typetree-allocator-block-size=2097152"
    "memorysetup-profiler-bucket-allocator-granularity=16"
    "memorysetup-profiler-bucket-allocator-bucket-count=8"
    "memorysetup-profiler-bucket-allocator-block-size=33554432"
    "memorysetup-profiler-bucket-allocator-block-count=8"
    "memorysetup-profiler-allocator-block-size=16777216"
    "memorysetup-profiler-editor-allocator-block-size=1048576"
    "memorysetup-temp-allocator-size-main=16777216"
    "memorysetup-job-temp-allocator-block-size=2097152"
    "memorysetup-job-temp-allocator-block-size-background=1048576"
    "memorysetup-job-temp-allocator-reduction-small-platforms=262144"
    "memorysetup-temp-allocator-size-background-worker=32768"
    "memorysetup-temp-allocator-size-job-worker=262144"
    "memorysetup-temp-allocator-size-preload-manager=33554432"
    "memorysetup-temp-allocator-size-nav-mesh-worker=65536"
    "memorysetup-temp-allocator-size-audio-worker=65536"
    "memorysetup-temp-allocator-size-cloud-worker=32768"
    "memorysetup-temp-allocator-size-gi-baking-worker=262144"
    "memorysetup-temp-allocator-size-gfx=262144"
Refreshing native plugins compatible for Editor in 129.42 ms, found 11 plugins.
Preloading 1 native plugins for Editor in 1.35 ms.
Initialize engine version: 2021.3.1f1 (3b70a0754835)
[Subsystems] Discovering subsystems at path C:/Program Files/Unity/Hub/Editor/2021.3.1f1/Editor/Data/Resources/UnitySubsystems
[Subsystems] Discovering subsystems at path C:/Users/chiar/OneDrive/Desktop/Virtual Design/6. Semester/VR-AR/Versteckspiel/Assets
GfxDevice: creating device client; threaded=0; jobified=0
Direct3D:
    Version:  Direct3D 11.0 [level 11.1]
    Renderer: NVIDIA GeForce RTX 2060 (ID=0x1f11)
    Vendor:   NVIDIA
    VRAM:     5980 MB
    Driver:   30.0.14.7212
Initialize mono
Mono path[0] = 'C:/Program Files/Unity/Hub/Editor/2021.3.1f1/Editor/Data/Managed'
Mono path[1] = 'C:/Program Files/Unity/Hub/Editor/2021.3.1f1/Editor/Data/MonoBleedingEdge/lib/mono/unityjit-win32'
Mono config path = 'C:/Program Files/Unity/Hub/Editor/2021.3.1f1/Editor/Data/MonoBleedingEdge/etc'
Using monoOptions --debugger-agent=transport=dt_socket,embedding=1,server=y,suspend=n,address=127.0.0.1:56696
Begin MonoManager ReloadAssembly
Registering precompiled unity dll's ...
Register platform support module: C:/Program Files/Unity/Hub/Editor/2021.3.1f1/Editor/Data/PlaybackEngines/WindowsStandaloneSupport/UnityEditor.WindowsStandalone.Extensions.dll
Registered in 0.005182 seconds.
Native extension for WindowsStandalone target not found
Refreshing native plugins compatible for Editor in 147.75 ms, found 11 plugins.
Preloading 1 native plugins for Editor in 0.12 ms.
Mono: successfully reloaded assembly
- Completed reload, in  0.797 seconds
Domain Reload Profiling:
	ReloadAssembly (798ms)
		BeginReloadAssembly (74ms)
			ExecutionOrderSort (0ms)
			DisableScriptedObjects (0ms)
			BackupInstance (0ms)
			ReleaseScriptingObjects (0ms)
			CreateAndSetChildDomain (1ms)
		EndReloadAssembly (599ms)
			LoadAssemblies (72ms)
			RebuildTransferFunctionScriptingTraits (0ms)
			SetupTypeCache (125ms)
			ReleaseScriptCaches (0ms)
			RebuildScriptCaches (34ms)
			SetupLoadedEditorAssemblies (383ms)
				LogAssemblyErrors (0ms)
				InitializePlatformSupportModulesInManaged (8ms)
				SetLoadedEditorAssemblies (0ms)
				RefreshPlugins (148ms)
				BeforeProcessingInitializeOnLoad (2ms)
				ProcessInitializeOnLoadAttributes (173ms)
				ProcessInitializeOnLoadMethodAttributes (51ms)
				AfterProcessingInitializeOnLoad (0ms)
				EditorAssembliesLoaded (0ms)
			ExecutionOrderSort2 (0ms)
			AwakeInstancesAfterBackupRestoration (0ms)
Platform modules already initialized, skipping
Registering precompiled user dll's ...
Registered in 0.012103 seconds.
Begin MonoManager ReloadAssembly
Symbol file LoadedFromMemory doesn't match image C:\Users\chiar\OneDrive\Desktop\Virtual Design\6. Semester\VR-AR\Versteckspiel\Library\PackageCache\com.unity.visualscripting@1.7.7\Editor\VisualScripting.Core\Dependencies\DotNetZip\Unity.VisualScripting.IonicZip.dll
Symbol file LoadedFromMemory doesn't match image C:\Users\chiar\OneDrive\Desktop\Virtual Design\6. Semester\VR-AR\Versteckspiel\Library\PackageCache\com.unity.visualscripting@1.7.7\Editor\VisualScripting.Core\Dependencies\YamlDotNet\Unity.VisualScripting.YamlDotNet.dll
Symbol file LoadedFromMemory is not a mono symbol file
Native extension for WindowsStandalone target not found
Refreshing native plugins compatible for Editor in 129.33 ms, found 11 plugins.
Preloading 1 native plugins for Editor in 0.09 ms.
Package Manager log level set to [2]
System.Reflection.TargetInvocationException: Exception has been thrown by the target of an invocation. ---> System.NullReferenceException: Object reference not set to an instance of an object
  at Unity.XR.Oculus.OculusLoader.AssetPathToAbsolutePath (System.String assetPath) [0x0003d] in C:\Users\chiar\OneDrive\Desktop\Virtual Design\6. Semester\VR-AR\Versteckspiel\Library\PackageCache\com.unity.xr.oculus@3.0.0\Runtime\OculusLoader.cs:257 
  at Unity.XR.Oculus.OculusLoader.EditorLoadOVRPlugin () [0x0007b] in C:\Users\chiar\OneDrive\Desktop\Virtual Design\6. Semester\VR-AR\Versteckspiel\Library\PackageCache\com.unity.xr.oculus@3.0.0\Runtime\OculusLoader.cs:242 
  at (wrapper managed-to-native) System.Reflection.RuntimeMethodInfo.InternalInvoke(System.Reflection.RuntimeMethodInfo,object,object[],System.Exception&)
  at System.Reflection.RuntimeMethodInfo.Invoke (System.Object obj, System.Reflection.BindingFlags invokeAttr, System.Reflection.Binder binder, System.Object[] parameters, System.Globalization.CultureInfo culture) [0x0006a] in <6073cf49ed704e958b8a66d540dea948>:0 
   --- End of inner exception stack trace ---
  at System.Reflection.RuntimeMethodInfo.Invoke (System.Object obj, System.Reflection.BindingFlags invokeAttr, System.Reflection.Binder binder, System.Object[] parameters, System.Globalization.CultureInfo culture) [0x00083] in <6073cf49ed704e958b8a66d540dea948>:0 
  at System.Reflection.MethodBase.Invoke (System.Object obj, System.Object[] parameters) [0x00000] in <6073cf49ed704e958b8a66d540dea948>:0 
  at UnityEditor.EditorAssemblies.ProcessInitializeOnLoadMethodAttributes () [0x000a5] in <1135c66e5f4c41a7831fa5798849d8b6>:0 
UnityEngine.StackTraceUtility:ExtractStackTrace ()
UnityEngine.DebugLogHandler:LogFormat (UnityEngine.LogType,UnityEngine.Object,string,object[])
UnityEngine.Logger:Log (UnityEngine.LogType,object)
UnityEngine.Debug:LogError (object)
UnityEditor.EditorAssemblies:ProcessInitializeOnLoadMethodAttributes ()

Mono: successfully reloaded assembly
- Completed reload, in  1.708 seconds
Domain Reload Profiling:
	ReloadAssembly (1708ms)
		BeginReloadAssembly (135ms)
			ExecutionOrderSort (0ms)
			DisableScriptedObjects (7ms)
			BackupInstance (0ms)
			ReleaseScriptingObjects (0ms)
			CreateAndSetChildDomain (22ms)
		EndReloadAssembly (1424ms)
			LoadAssemblies (112ms)
			RebuildTransferFunctionScriptingTraits (0ms)
			SetupTypeCache (349ms)
			ReleaseScriptCaches (1ms)
			RebuildScriptCaches (134ms)
			SetupLoadedEditorAssemblies (733ms)
				LogAssemblyErrors (0ms)
				InitializePlatformSupportModulesInManaged (4ms)
				SetLoadedEditorAssemblies (0ms)
				RefreshPlugins (130ms)
				BeforeProcessingInitializeOnLoad (139ms)
				ProcessInitializeOnLoadAttributes (350ms)
				ProcessInitializeOnLoadMethodAttributes (103ms)
				AfterProcessingInitializeOnLoad (6ms)
				EditorAssembliesLoaded (0ms)
			ExecutionOrderSort2 (0ms)
			AwakeInstancesAfterBackupRestoration (6ms)
Platform modules already initialized, skipping
========================================================================
Worker process is ready to serve import requests
Launched and connected shader compiler UnityShaderCompiler.exe after 0.08 seconds
Refreshing native plugins compatible for Editor in 1.52 ms, found 11 plugins.
Preloading 1 native plugins for Editor in 0.14 ms.
Unloading 5428 Unused Serialized files (Serialized files now loaded: 0)
Unloading 53 unused Assets / (0.7 MB). Loaded Objects now: 5870.
Memory consumption went from 215.2 MB to 214.5 MB.
Total: 6.315900 ms (FindLiveObjects: 0.625600 ms CreateObjectMapping: 0.680200 ms MarkObjects: 4.629200 ms  DeleteObjects: 0.379400 ms)

AssetImportParameters requested are different than current active one (requested -> active):
  custom:video-decoder-ogg-theora: a1e56fd34408186e4bbccfd4996cb3dc -> 
  custom:container-muxer-webm: aa71ff27fc2769a1b78a27578f13a17b -> 
  custom:container-demuxer-webm: 4f35f7cbe854078d1ac9338744f61a02 -> 
  custom:video-encoder-webm-vp8: eb34c28f22e8b96e1ab97ce403110664 -> 
  custom:audio-encoder-webm-vorbis: bf7c407c2cedff20999df2af8eb42d56 -> 
  custom:framework-win-MediaFoundation: 216162199b28c13a410421893ffa2e32 -> 
  custom:container-demuxer-ogg: 62fdf1f143b41e24485cea50d1cbac27 -> 
  custom:video-decoder-webm-vp8: 9c59270c3fd7afecdb556c50c9e8de78 -> 
  custom:audio-decoder-ogg-vorbis: bf7c407c2cedff20999df2af8eb42d56 -> 
========================================================================
Received Import Request.
  Time since last request: 289798.387624 seconds.
  path: Packages/com.unity.xr.management/Runtime
  artifactKey: Guid(4fb10c2185e1347c4bef41feca4a8845) Importer(815301076,1909f56bfc062723c751e8b465ee728b)
Start importing Packages/com.unity.xr.management/Runtime using Guid(4fb10c2185e1347c4bef41feca4a8845) Importer(815301076,1909f56bfc062723c751e8b465ee728b)  -> (artifact id: '12bdf841ec0b3afa989bb63dd2d1fa12') in 0.015643 seconds 
========================================================================
Received Import Request.
  Time since last request: 0.000039 seconds.
  path: Packages/com.unity.xr.management/package.json
  artifactKey: Guid(a8437ae6df3ab4de78c661f8e1148bbb) Importer(815301076,1909f56bfc062723c751e8b465ee728b)
Start importing Packages/com.unity.xr.management/package.json using Guid(a8437ae6df3ab4de78c661f8e1148bbb) Importer(815301076,1909f56bfc062723c751e8b465ee728b)  -> (artifact id: '6471c23248fd3d12f1c0e7d62f9c68d6') in 0.046815 seconds 
========================================================================
Received Import Request.
  Time since last request: 0.000026 seconds.
  path: Packages/com.unity.xr.management/Editor
  artifactKey: Guid(dcfbcd3f5f6514657924b8e122d97765) Importer(815301076,1909f56bfc062723c751e8b465ee728b)
Start importing Packages/com.unity.xr.management/Editor using Guid(dcfbcd3f5f6514657924b8e122d97765) Importer(815301076,1909f56bfc062723c751e8b465ee728b)  -> (artifact id: '2dac462ba39487471e318d6453245e40') in 0.009628 seconds 
========================================================================
Received Import Request.
  Time since last request: 6.500943 seconds.
  path: Assets/XR/Settings/Oculus Settings.asset
  artifactKey: Guid(a36f680f71326db40bcdf6741f3b0621) Importer(815301076,1909f56bfc062723c751e8b465ee728b)
Start importing Assets/XR/Settings/Oculus Settings.asset using Guid(a36f680f71326db40bcdf6741f3b0621) Importer(815301076,1909f56bfc062723c751e8b465ee728b)  -> (artifact id: '5b99ce4eae1aa016aff070bbed02d47c') in 0.009697 seconds 
========================================================================
Received Import Request.
  Time since last request: 0.882737 seconds.
  path: Assets/XR/Loaders/Oculus Loader.asset
  artifactKey: Guid(b877f9d46e94a1247b8a732ff582f582) Importer(815301076,1909f56bfc062723c751e8b465ee728b)
Start importing Assets/XR/Loaders/Oculus Loader.asset using Guid(b877f9d46e94a1247b8a732ff582f582) Importer(815301076,1909f56bfc062723c751e8b465ee728b)  -> (artifact id: '016ceda8a2cd1a3aa4ed37b4b56697ce') in 0.005850 seconds 
========================================================================
Received Import Request.
  Time since last request: 0.000030 seconds.
  path: Assets/XR/Loaders/Open XR Loader.asset
  artifactKey: Guid(0c46071f9a755b94bbe619ba6d025438) Importer(815301076,1909f56bfc062723c751e8b465ee728b)
Start importing Assets/XR/Loaders/Open XR Loader.asset using Guid(0c46071f9a755b94bbe619ba6d025438) Importer(815301076,1909f56bfc062723c751e8b465ee728b)  -> (artifact id: 'a3b26a91cde310509b0d4564ffae8045') in 0.011933 seconds 
========================================================================
Received Import Request.
  Time since last request: 7.587022 seconds.
  path: Packages/com.unity.render-pipelines.core/package.json
  artifactKey: Guid(753d1ac2429a21a44ac5f937cbbb409f) Importer(815301076,1909f56bfc062723c751e8b465ee728b)
Start importing Packages/com.unity.render-pipelines.core/package.json using Guid(753d1ac2429a21a44ac5f937cbbb409f) Importer(815301076,1909f56bfc062723c751e8b465ee728b)  -> (artifact id: '05446d7a6413c92266fd95e387c310a6') in 0.002139 seconds 
========================================================================
Received Import Request.
  Time since last request: 7.905773 seconds.
  path: Packages/com.unity.burst/package.json
  artifactKey: Guid(5fb28db57db3325b95957fcfe1a0108b) Importer(815301076,1909f56bfc062723c751e8b465ee728b)
Start importing Packages/com.unity.burst/package.json using Guid(5fb28db57db3325b95957fcfe1a0108b) Importer(815301076,1909f56bfc062723c751e8b465ee728b)  -> (artifact id: 'b08ed7e97ea871b028f5e65b4551f34d') in 0.002142 seconds 
========================================================================
Received Import Request.
  Time since last request: 2.846366 seconds.
  path: Packages/com.unity.burst/Runtime
  artifactKey: Guid(8e56dfddf7e5373e85a57cde814593df) Importer(815301076,1909f56bfc062723c751e8b465ee728b)
Start importing Packages/com.unity.burst/Runtime using Guid(8e56dfddf7e5373e85a57cde814593df) Importer(815301076,1909f56bfc062723c751e8b465ee728b)  -> (artifact id: '785587c6490f3b44333870b47a14c9eb') in 0.002631 seconds 
========================================================================
Received Import Request.
  Time since last request: 0.758913 seconds.
  path: Packages/com.unity.burst/Runtime/Unity.Burst.asmdef
  artifactKey: Guid(2665a8d13d1b3f18800f46e256720795) Importer(815301076,1909f56bfc062723c751e8b465ee728b)
Start importing Packages/com.unity.burst/Runtime/Unity.Burst.asmdef using Guid(2665a8d13d1b3f18800f46e256720795) Importer(815301076,1909f56bfc062723c751e8b465ee728b)  -> (artifact id: '5d6cc46e11abcbdc19604d411cb0e455') in 0.006316 seconds 
========================================================================
Received Import Request.
  Time since last request: 33.030372 seconds.
  path: Packages/com.unity.burst
  artifactKey: Guid(65d1b64226033bcd2de5b4e51938fb75) Importer(815301076,1909f56bfc062723c751e8b465ee728b)
Start importing Packages/com.unity.burst using Guid(65d1b64226033bcd2de5b4e51938fb75) Importer(815301076,1909f56bfc062723c751e8b465ee728b)  -> (artifact id: '7eeb075f2b6b32f90ea29d5aa36c580c') in 0.005950 seconds 
========================================================================
Received Import Request.
  Time since last request: 2.109765 seconds.
  path: Packages/com.unity.render-pipelines.core
  artifactKey: Guid(fa2fec639fb8149193707851fce7d38b) Importer(815301076,1909f56bfc062723c751e8b465ee728b)
Start importing Packages/com.unity.render-pipelines.core using Guid(fa2fec639fb8149193707851fce7d38b) Importer(815301076,1909f56bfc062723c751e8b465ee728b)  -> (artifact id: '6850d9c42bf410738562cefba43256f4') in 0.005966 seconds 
========================================================================
Received Import Request.
  Time since last request: 1.597037 seconds.
  path: Packages/com.unity.ext.nunit
  artifactKey: Guid(25a477c2f24db8778a4179421a32cc21) Importer(815301076,1909f56bfc062723c751e8b465ee728b)
Start importing Packages/com.unity.ext.nunit using Guid(25a477c2f24db8778a4179421a32cc21) Importer(815301076,1909f56bfc062723c751e8b465ee728b)  -> (artifact id: 'bef33f36b89a5a284746f1bc5605769f') in 0.006302 seconds 
========================================================================
Received Import Request.
  Time since last request: 4.086470 seconds.
  path: Packages/com.unity.visualscripting
  artifactKey: Guid(93868626a0cf5222c7337ca621f54253) Importer(815301076,1909f56bfc062723c751e8b465ee728b)
Start importing Packages/com.unity.visualscripting using Guid(93868626a0cf5222c7337ca621f54253) Importer(815301076,1909f56bfc062723c751e8b465ee728b)  -> (artifact id: '31b40d47ced329b356cacd2853f0b2e5') in 0.005054 seconds 
========================================================================
Received Import Request.
  Time since last request: 6.450051 seconds.
  path: Packages/com.unity.ide.vscode
  artifactKey: Guid(1c61a04a5b7737c4d16673d64be4194e) Importer(815301076,1909f56bfc062723c751e8b465ee728b)
Start importing Packages/com.unity.ide.vscode using Guid(1c61a04a5b7737c4d16673d64be4194e) Importer(815301076,1909f56bfc062723c751e8b465ee728b)  -> (artifact id: 'e94248d05651707ad8c86b4532d5ae2b') in 0.005963 seconds 
========================================================================
Received Prepare
Trying to reload asset but can't find object on disk
Registering precompiled user dll's ...
Registered in 0.013954 seconds.
Begin MonoManager ReloadAssembly
Symbol file LoadedFromMemory doesn't match image C:\Users\chiar\OneDrive\Desktop\Virtual Design\6. Semester\VR-AR\Versteckspiel\Library\PackageCache\com.unity.visualscripting@1.7.7\Editor\VisualScripting.Core\Dependencies\DotNetZip\Unity.VisualScripting.IonicZip.dll
Symbol file LoadedFromMemory doesn't match image C:\Users\chiar\OneDrive\Desktop\Virtual Design\6. Semester\VR-AR\Versteckspiel\Library\PackageCache\com.unity.visualscripting@1.7.7\Editor\VisualScripting.Core\Dependencies\YamlDotNet\Unity.VisualScripting.YamlDotNet.dll
Symbol file LoadedFromMemory is not a mono symbol file
Native extension for WindowsStandalone target not found
Refreshing native plugins compatible for Editor in 2.10 ms, found 11 plugins.
Preloading 1 native plugins for Editor in 0.19 ms.
System.Reflection.TargetInvocationException: Exception has been thrown by the target of an invocation. ---> System.NullReferenceException: Object reference not set to an instance of an object
  at Unity.XR.Oculus.OculusLoader.AssetPathToAbsolutePath (System.String assetPath) [0x0003d] in C:\Users\chiar\OneDrive\Desktop\Virtual Design\6. Semester\VR-AR\Versteckspiel\Library\PackageCache\com.unity.xr.oculus@3.0.0\Runtime\OculusLoader.cs:257 
  at Unity.XR.Oculus.OculusLoader.EditorLoadOVRPlugin () [0x0007b] in C:\Users\chiar\OneDrive\Desktop\Virtual Design\6. Semester\VR-AR\Versteckspiel\Library\PackageCache\com.unity.xr.oculus@3.0.0\Runtime\OculusLoader.cs:242 
  at (wrapper managed-to-native) System.Reflection.RuntimeMethodInfo.InternalInvoke(System.Reflection.RuntimeMethodInfo,object,object[],System.Exception&)
  at System.Reflection.RuntimeMethodInfo.Invoke (System.Object obj, System.Reflection.BindingFlags invokeAttr, System.Reflection.Binder binder, System.Object[] parameters, System.Globalization.CultureInfo culture) [0x0006a] in <6073cf49ed704e958b8a66d540dea948>:0 
   --- End of inner exception stack trace ---
  at System.Reflection.RuntimeMethodInfo.Invoke (System.Object obj, System.Reflection.BindingFlags invokeAttr, System.Reflection.Binder binder, System.Object[] parameters, System.Globalization.CultureInfo culture) [0x00083] in <6073cf49ed704e958b8a66d540dea948>:0 
  at System.Reflection.MethodBase.Invoke (System.Object obj, System.Object[] parameters) [0x00000] in <6073cf49ed704e958b8a66d540dea948>:0 
  at UnityEditor.EditorAssemblies.ProcessInitializeOnLoadMethodAttributes () [0x000a5] in <1135c66e5f4c41a7831fa5798849d8b6>:0 
UnityEngine.StackTraceUtility:ExtractStackTrace ()
UnityEngine.DebugLogHandler:LogFormat (UnityEngine.LogType,UnityEngine.Object,string,object[])
UnityEngine.Logger:Log (UnityEngine.LogType,object)
UnityEngine.Debug:LogError (object)
UnityEditor.EditorAssemblies:ProcessInitializeOnLoadMethodAttributes ()

Mono: successfully reloaded assembly
- Completed reload, in  1.549 seconds
Domain Reload Profiling:
	ReloadAssembly (1549ms)
		BeginReloadAssembly (174ms)
			ExecutionOrderSort (0ms)
			DisableScriptedObjects (10ms)
			BackupInstance (0ms)
			ReleaseScriptingObjects (0ms)
			CreateAndSetChildDomain (61ms)
		EndReloadAssembly (1235ms)
			LoadAssemblies (119ms)
			RebuildTransferFunctionScriptingTraits (0ms)
			SetupTypeCache (373ms)
			ReleaseScriptCaches (2ms)
			RebuildScriptCaches (61ms)
			SetupLoadedEditorAssemblies (598ms)
				LogAssemblyErrors (0ms)
				InitializePlatformSupportModulesInManaged (16ms)
				SetLoadedEditorAssemblies (1ms)
				RefreshPlugins (2ms)
				BeforeProcessingInitializeOnLoad (101ms)
				ProcessInitializeOnLoadAttributes (352ms)
				ProcessInitializeOnLoadMethodAttributes (119ms)
				AfterProcessingInitializeOnLoad (6ms)
				EditorAssembliesLoaded (0ms)
			ExecutionOrderSort2 (0ms)
			AwakeInstancesAfterBackupRestoration (16ms)
Platform modules already initialized, skipping
Switching render pipeline 7b7fd9122c28c4d15b667c7040e3b3fd -> 00000000000000000000000000000000
Refreshing native plugins compatible for Editor in 8.39 ms, found 11 plugins.
Preloading 1 native plugins for Editor in 0.10 ms.
Unloading 5286 Unused Serialized files (Serialized files now loaded: 0)
Unloading 44 unused Assets / (0.7 MB). Loaded Objects now: 5873.
Memory consumption went from 206.2 MB to 205.6 MB.
Total: 8.940400 ms (FindLiveObjects: 1.359400 ms CreateObjectMapping: 1.216600 ms MarkObjects: 5.916000 ms  DeleteObjects: 0.446400 ms)

AssetImportParameters requested are different than current active one (requested -> active):
  custom:video-decoder-ogg-theora: a1e56fd34408186e4bbccfd4996cb3dc -> 
  custom:container-muxer-webm: aa71ff27fc2769a1b78a27578f13a17b -> 
  custom:container-demuxer-webm: 4f35f7cbe854078d1ac9338744f61a02 -> 
  custom:srp/default-shader: 00a0da0d000000000000000000000000 -> 0000e00a000e0de00000e000e0000000
  custom:video-encoder-webm-vp8: eb34c28f22e8b96e1ab97ce403110664 -> 
  custom:audio-encoder-webm-vorbis: bf7c407c2cedff20999df2af8eb42d56 -> 
  custom:framework-win-MediaFoundation: 216162199b28c13a410421893ffa2e32 -> 
  custom:container-demuxer-ogg: 62fdf1f143b41e24485cea50d1cbac27 -> 
  custom:video-decoder-webm-vp8: 9c59270c3fd7afecdb556c50c9e8de78 -> 
  custom:audio-decoder-ogg-vorbis: bf7c407c2cedff20999df2af8eb42d56 -> 
  custom:srp/default-pipeline:  -> b7f79d21c2824c1db566c707043e3bdf
========================================================================
Received Import Request.
  Time since last request: 460.613575 seconds.
  path: Packages/com.unity.burst/package.json
  artifactKey: Guid(5fb28db57db3325b95957fcfe1a0108b) Importer(815301076,1909f56bfc062723c751e8b465ee728b)
Start importing Packages/com.unity.burst/package.json using Guid(5fb28db57db3325b95957fcfe1a0108b) Importer(815301076,1909f56bfc062723c751e8b465ee728b)  -> (artifact id: '464fd2d1739c864aab32faf253f85e52') in 0.024250 seconds 
========================================================================
Received Import Request.
  Time since last request: 1.859032 seconds.
  path: Packages/com.unity.burst/Unity.Burst.Unsafe.dll
  artifactKey: Guid(9ac5be0090514aa8b35011788efe5757) Importer(815301076,1909f56bfc062723c751e8b465ee728b)
Start importing Packages/com.unity.burst/Unity.Burst.Unsafe.dll using Guid(9ac5be0090514aa8b35011788efe5757) Importer(815301076,1909f56bfc062723c751e8b465ee728b)  -> (artifact id: '0764689bf7e994a65829322295a6f660') in 0.010838 seconds 
========================================================================
Received Import Request.
  Time since last request: 2.297821 seconds.
  path: Packages/com.unity.burst/Unity.Burst.Unsafe.xml
  artifactKey: Guid(1f35a383fc36434aaf9e13a75fba3b24) Importer(815301076,1909f56bfc062723c751e8b465ee728b)
Start importing Packages/com.unity.burst/Unity.Burst.Unsafe.xml using Guid(1f35a383fc36434aaf9e13a75fba3b24) Importer(815301076,1909f56bfc062723c751e8b465ee728b)  -> (artifact id: 'acbc571fdcfb3b40d2bbca1aa56bbd2d') in 0.027012 seconds 
========================================================================
Received Import Request.
  Time since last request: 2.027460 seconds.
  path: Packages/com.unity.burst/CHANGELOG.md
  artifactKey: Guid(345fbf1c69e936e180653ef894fe94fa) Importer(815301076,1909f56bfc062723c751e8b465ee728b)
Start importing Packages/com.unity.burst/CHANGELOG.md using Guid(345fbf1c69e936e180653ef894fe94fa) Importer(815301076,1909f56bfc062723c751e8b465ee728b)  -> (artifact id: '1e39521c9da23644e3f4b6472f0acade') in 0.007176 seconds 
========================================================================
Received Import Request.
  Time since last request: 0.658834 seconds.
  path: Packages/com.unity.burst/LICENSE.md
  artifactKey: Guid(0f8d496d402837948694e70f29a6c3af) Importer(815301076,1909f56bfc062723c751e8b465ee728b)
Start importing Packages/com.unity.burst/LICENSE.md using Guid(0f8d496d402837948694e70f29a6c3af) Importer(815301076,1909f56bfc062723c751e8b465ee728b)  -> (artifact id: '79c000f212582b9ffd5eddc7dd39d7ce') in 0.005700 seconds 
